<?xml version="1.0" encoding="UTF-8"?>
<testng-results ignored="0" total="1" passed="1" failed="0" skipped="0">
  <reporter-output>
  </reporter-output>
  <suite started-at="2023-10-27T20:40:39 IST" name="Default suite" finished-at="2023-10-27T20:40:47 IST" duration-ms="8347">
    <groups>
    </groups>
    <test started-at="2023-10-27T20:40:39 IST" name="Default test" finished-at="2023-10-27T20:40:47 IST" duration-ms="8347">
      <class name="frame_work.facebook_lsunh">
        <test-method signature="run()[pri:0, instance:frame_work.facebook_lsunh@6e6d5d29]" started-at="2023-10-27T20:40:39 IST" name="run" finished-at="2023-10-27T20:40:47 IST" duration-ms="8316" status="PASS">
          <reporter-output>
          </reporter-output>
        </test-method> <!-- run -->
      </class> <!-- frame_work.facebook_lsunh -->
    </test> <!-- Default test -->
  </suite> <!-- Default suite -->
</testng-results>
